The system is: Darwin - 16.4.0 - x86_64
Compiling the C compiler identification source file "CMakeCCompilerId.c" succeeded.
Compiler:  
Build flags: 
Id flags: 

The output was:
0
=== BUILD TARGET CompilerIdC OF PROJECT CompilerIdC WITH THE DEFAULT CONFIGURATION (Debug) ===

Check dependencies

Write auxiliary files
write-file /Users/Leon/OneDrive\ -\ UniversityofExeter/Ship\ Motion\ Simulator/Projects/OpenGLScene/glfw/build/CMakeFiles/3.7.1/CompilerIdC/CompilerIdC.build/Debug/CompilerIdC.build/Script-2C8FEB8E15DC1A1A00E56A5D.sh
chmod 0755 /Users/Leon/OneDrive\ -\ UniversityofExeter/Ship\ Motion\ Simulator/Projects/OpenGLScene/glfw/build/CMakeFiles/3.7.1/CompilerIdC/CompilerIdC.build/Debug/CompilerIdC.build/Script-2C8FEB8E15DC1A1A00E56A5D.sh
write-file /Users/Leon/OneDrive\ -\ UniversityofExeter/Ship\ Motion\ Simulator/Projects/OpenGLScene/glfw/build/CMakeFiles/3.7.1/CompilerIdC/CompilerIdC.build/Debug/CompilerIdC.build/CompilerIdC-generated-files.hmap
write-file /Users/Leon/OneDrive\ -\ UniversityofExeter/Ship\ Motion\ Simulator/Projects/OpenGLScene/glfw/build/CMakeFiles/3.7.1/CompilerIdC/CompilerIdC.build/Debug/CompilerIdC.build/CompilerIdC-all-non-framework-target-headers.hmap
write-file /Users/Leon/OneDrive\ -\ UniversityofExeter/Ship\ Motion\ Simulator/Projects/OpenGLScene/glfw/build/CMakeFiles/3.7.1/CompilerIdC/CompilerIdC.build/Debug/CompilerIdC.build/CompilerIdC-project-headers.hmap
write-file /Users/Leon/OneDrive\ -\ UniversityofExeter/Ship\ Motion\ Simulator/Projects/OpenGLScene/glfw/build/CMakeFiles/3.7.1/CompilerIdC/CompilerIdC.build/Debug/CompilerIdC.build/CompilerIdC.hmap
write-file /Users/Leon/OneDrive\ -\ UniversityofExeter/Ship\ Motion\ Simulator/Projects/OpenGLScene/glfw/build/CMakeFiles/3.7.1/CompilerIdC/CompilerIdC.build/Debug/CompilerIdC.build/CompilerIdC-own-target-headers.hmap
/bin/mkdir -p /Users/Leon/OneDrive\ -\ UniversityofExeter/Ship\ Motion\ Simulator/Projects/OpenGLScene/glfw/build/CMakeFiles/3.7.1/CompilerIdC/CompilerIdC.build/Debug/CompilerIdC.build/Objects-normal/x86_64
write-file /Users/Leon/OneDrive\ -\ UniversityofExeter/Ship\ Motion\ Simulator/Projects/OpenGLScene/glfw/build/CMakeFiles/3.7.1/CompilerIdC/CompilerIdC.build/Debug/CompilerIdC.build/Objects-normal/x86_64/CompilerIdC.LinkFileList
write-file /Users/Leon/OneDrive\ -\ UniversityofExeter/Ship\ Motion\ Simulator/Projects/OpenGLScene/glfw/build/CMakeFiles/3.7.1/CompilerIdC/CompilerIdC.build/Debug/CompilerIdC.build/CompilerIdC-all-target-headers.hmap

CompileC CompilerIdC.build/Debug/CompilerIdC.build/Objects-normal/x86_64/CMakeCCompilerId.o CMakeCCompilerId.c normal x86_64 c com.apple.compilers.llvm.clang.1_0.compiler
    cd "/Users/Leon/OneDrive - UniversityofExeter/Ship Motion Simulator/Projects/OpenGLScene/glfw/build/CMakeFiles/3.7.1/CompilerIdC"
    export LANG=en_US.US-ASCII
    /Applications/Xcode.app/Contents/Developer/Toolchains/XcodeDefault.xctoolchain/usr/bin/clang -x c -arch x86_64 -fmessage-length=0 -fdiagnostics-show-note-include-stack -fmacro-backtrace-limit=0 -Wno-trigraphs -fpascal-strings -Os -Wno-missing-field-initializers -Wno-missing-prototypes -Wno-return-type -Wno-missing-braces -Wparentheses -Wswitch -Wno-unused-function -Wno-unused-label -Wno-unused-parameter -Wno-unused-variable -Wunused-value -Wno-empty-body -Wno-uninitialized -Wno-unknown-pragmas -Wno-shadow -Wno-four-char-constants -Wno-conversion -Wno-constant-conversion -Wno-int-conversion -Wno-bool-conversion -Wno-enum-conversion -Wno-shorten-64-to-32 -Wpointer-sign -Wno-newline-eof -isysroot /Applications/Xcode.app/Contents/Developer/Platforms/MacOSX.platform/Developer/SDKs/MacOSX10.12.sdk -fasm-blocks -fstrict-aliasing -Wdeprecated-declarations -mmacosx-version-min=10.12 -g -fvisibility=hidden -Wno-sign-conversion -Wno-infinite-recursion -I/Users/Leon/OneDrive\ -\ UniversityofExeter/Ship\ Motion\ Simulator/Projects/OpenGLScene/glfw/build/CMakeFiles/3.7.1/CompilerIdC/CompilerIdC.build/Debug/CompilerIdC.build/CompilerIdC.hmap -I/Users/Leon/OneDrive\ -\ UniversityofExeter/Ship\ Motion\ Simulator/Projects/OpenGLScene/glfw/build/CMakeFiles/3.7.1/CompilerIdC/include -I/Users/Leon/OneDrive\ -\ UniversityofExeter/Ship\ Motion\ Simulator/Projects/OpenGLScene/glfw/build/CMakeFiles/3.7.1/CompilerIdC/CompilerIdC.build/Debug/CompilerIdC.build/DerivedSources/x86_64 -I/Users/Leon/OneDrive\ -\ UniversityofExeter/Ship\ Motion\ Simulator/Projects/OpenGLScene/glfw/build/CMakeFiles/3.7.1/CompilerIdC/CompilerIdC.build/Debug/CompilerIdC.build/DerivedSources -F/Users/Leon/OneDrive\ -\ UniversityofExeter/Ship\ Motion\ Simulator/Projects/OpenGLScene/glfw/build/CMakeFiles/3.7.1/CompilerIdC -MMD -MT dependencies -MF /Users/Leon/OneDrive\ -\ UniversityofExeter/Ship\ Motion\ Simulator/Projects/OpenGLScene/glfw/build/CMakeFiles/3.7.1/CompilerIdC/CompilerIdC.build/Debug/CompilerIdC.build/Objects-normal/x86_64/CMakeCCompilerId.d --serialize-diagnostics /Users/Leon/OneDrive\ -\ UniversityofExeter/Ship\ Motion\ Simulator/Projects/OpenGLScene/glfw/build/CMakeFiles/3.7.1/CompilerIdC/CompilerIdC.build/Debug/CompilerIdC.build/Objects-normal/x86_64/CMakeCCompilerId.dia -c /Users/Leon/OneDrive\ -\ UniversityofExeter/Ship\ Motion\ Simulator/Projects/OpenGLScene/glfw/build/CMakeFiles/3.7.1/CompilerIdC/CMakeCCompilerId.c -o /Users/Leon/OneDrive\ -\ UniversityofExeter/Ship\ Motion\ Simulator/Projects/OpenGLScene/glfw/build/CMakeFiles/3.7.1/CompilerIdC/CompilerIdC.build/Debug/CompilerIdC.build/Objects-normal/x86_64/CMakeCCompilerId.o

Ld CompilerIdC normal x86_64
    cd "/Users/Leon/OneDrive - UniversityofExeter/Ship Motion Simulator/Projects/OpenGLScene/glfw/build/CMakeFiles/3.7.1/CompilerIdC"
    export MACOSX_DEPLOYMENT_TARGET=10.12
    /Applications/Xcode.app/Contents/Developer/Toolchains/XcodeDefault.xctoolchain/usr/bin/clang -arch x86_64 -isysroot /Applications/Xcode.app/Contents/Developer/Platforms/MacOSX.platform/Developer/SDKs/MacOSX10.12.sdk -L/Users/Leon/OneDrive\ -\ UniversityofExeter/Ship\ Motion\ Simulator/Projects/OpenGLScene/glfw/build/CMakeFiles/3.7.1/CompilerIdC -F/Users/Leon/OneDrive\ -\ UniversityofExeter/Ship\ Motion\ Simulator/Projects/OpenGLScene/glfw/build/CMakeFiles/3.7.1/CompilerIdC -filelist /Users/Leon/OneDrive\ -\ UniversityofExeter/Ship\ Motion\ Simulator/Projects/OpenGLScene/glfw/build/CMakeFiles/3.7.1/CompilerIdC/CompilerIdC.build/Debug/CompilerIdC.build/Objects-normal/x86_64/CompilerIdC.LinkFileList -mmacosx-version-min=10.12 -Xlinker -object_path_lto -Xlinker /Users/Leon/OneDrive\ -\ UniversityofExeter/Ship\ Motion\ Simulator/Projects/OpenGLScene/glfw/build/CMakeFiles/3.7.1/CompilerIdC/CompilerIdC.build/Debug/CompilerIdC.build/Objects-normal/x86_64/CompilerIdC_lto.o -Xlinker -dependency_info -Xlinker /Users/Leon/OneDrive\ -\ UniversityofExeter/Ship\ Motion\ Simulator/Projects/OpenGLScene/glfw/build/CMakeFiles/3.7.1/CompilerIdC/CompilerIdC.build/Debug/CompilerIdC.build/Objects-normal/x86_64/CompilerIdC_dependency_info.dat -o /Users/Leon/OneDrive\ -\ UniversityofExeter/Ship\ Motion\ Simulator/Projects/OpenGLScene/glfw/build/CMakeFiles/3.7.1/CompilerIdC/CompilerIdC

PhaseScriptExecution Run\ Script CompilerIdC.build/Debug/CompilerIdC.build/Script-2C8FEB8E15DC1A1A00E56A5D.sh
    cd "/Users/Leon/OneDrive - UniversityofExeter/Ship Motion Simulator/Projects/OpenGLScene/glfw/build/CMakeFiles/3.7.1/CompilerIdC"
    /bin/sh -c \"/Users/Leon/OneDrive\ -\ UniversityofExeter/Ship\ Motion\ Simulator/Projects/OpenGLScene/glfw/build/CMakeFiles/3.7.1/CompilerIdC/CompilerIdC.build/Debug/CompilerIdC.build/Script-2C8FEB8E15DC1A1A00E56A5D.sh\"
GCC_VERSION=com.apple.compilers.llvm.clang.1_0

** BUILD SUCCEEDED **



Compilation of the C compiler identification source "CMakeCCompilerId.c" produced "CompilerIdC"

The C compiler identification is AppleClang, found in "/Users/Leon/OneDrive - UniversityofExeter/Ship Motion Simulator/Projects/OpenGLScene/glfw/build/CMakeFiles/3.7.1/CompilerIdC/CompilerIdC"

Determining if the C compiler works passed with the following output:
Change Dir: /Users/Leon/OneDrive - UniversityofExeter/Ship Motion Simulator/Projects/OpenGLScene/glfw/build/CMakeFiles/CMakeTmp

Run Build Command:"/usr/bin/xcodebuild" "-project" "CMAKE_TRY_COMPILE.xcodeproj" "build" "-target" "cmTC_c3f98" "-configuration" "Debug"
=== BUILD TARGET cmTC_c3f98 OF PROJECT CMAKE_TRY_COMPILE WITH CONFIGURATION Debug ===

Check dependencies

Write auxiliary files
/bin/mkdir -p /Users/Leon/OneDrive\ -\ UniversityofExeter/Ship\ Motion\ Simulator/Projects/OpenGLScene/glfw/build/CMakeFiles/CMakeTmp/CMAKE_TRY_COMPILE.build/Debug/cmTC_c3f98.build/Objects-normal/x86_64
write-file /Users/Leon/OneDrive\ -\ UniversityofExeter/Ship\ Motion\ Simulator/Projects/OpenGLScene/glfw/build/CMakeFiles/CMakeTmp/CMAKE_TRY_COMPILE.build/Debug/cmTC_c3f98.build/Objects-normal/x86_64/cmTC_c3f98.LinkFileList

CompileC CMAKE_TRY_COMPILE.build/Debug/cmTC_c3f98.build/Objects-normal/x86_64/testCCompiler.o testCCompiler.c normal x86_64 c com.apple.compilers.llvm.clang.1_0.compiler
    cd "/Users/Leon/OneDrive - UniversityofExeter/Ship Motion Simulator/Projects/OpenGLScene/glfw/build/CMakeFiles/CMakeTmp"
    export LANG=en_US.US-ASCII
    /Applications/Xcode.app/Contents/Developer/Toolchains/XcodeDefault.xctoolchain/usr/bin/clang -x c -arch x86_64 -fmessage-length=0 -fdiagnostics-show-note-include-stack -fmacro-backtrace-limit=0 -Wno-trigraphs -fpascal-strings -O0 -Wno-missing-field-initializers -Wno-missing-prototypes -Wno-return-type -Wno-missing-braces -Wparentheses -Wswitch -Wno-unused-function -Wno-unused-label -Wno-unused-parameter -Wno-unused-variable -Wunused-value -Wno-empty-body -Wno-uninitialized -Wno-unknown-pragmas -Wno-shadow -Wno-four-char-constants -Wno-conversion -Wno-constant-conversion -Wno-int-conversion -Wno-bool-conversion -Wno-enum-conversion -Wno-shorten-64-to-32 -Wpointer-sign -Wno-newline-eof -DCMAKE_INTDIR=\"Debug\" -isysroot /Applications/Xcode.app/Contents/Developer/Platforms/MacOSX.platform/Developer/SDKs/MacOSX10.12.sdk -fasm-blocks -fstrict-aliasing -Wdeprecated-declarations -mmacosx-version-min=10.12 -g -Wno-sign-conversion -Wno-infinite-recursion -I/Users/Leon/OneDrive\ -\ UniversityofExeter/Ship\ Motion\ Simulator/Projects/OpenGLScene/glfw/build/CMakeFiles/CMakeTmp/Debug/include -I/Users/Leon/OneDrive\ -\ UniversityofExeter/Ship\ Motion\ Simulator/Projects/OpenGLScene/glfw/build/CMakeFiles/CMakeTmp/CMAKE_TRY_COMPILE.build/Debug/cmTC_c3f98.build/DerivedSources/x86_64 -I/Users/Leon/OneDrive\ -\ UniversityofExeter/Ship\ Motion\ Simulator/Projects/OpenGLScene/glfw/build/CMakeFiles/CMakeTmp/CMAKE_TRY_COMPILE.build/Debug/cmTC_c3f98.build/DerivedSources -Wmost -Wno-four-char-constants -Wno-unknown-pragmas -F/Users/Leon/OneDrive\ -\ UniversityofExeter/Ship\ Motion\ Simulator/Projects/OpenGLScene/glfw/build/CMakeFiles/CMakeTmp/Debug -MMD -MT dependencies -MF /Users/Leon/OneDrive\ -\ UniversityofExeter/Ship\ Motion\ Simulator/Projects/OpenGLScene/glfw/build/CMakeFiles/CMakeTmp/CMAKE_TRY_COMPILE.build/Debug/cmTC_c3f98.build/Objects-normal/x86_64/testCCompiler.d --serialize-diagnostics /Users/Leon/OneDrive\ -\ UniversityofExeter/Ship\ Motion\ Simulator/Projects/OpenGLScene/glfw/build/CMakeFiles/CMakeTmp/CMAKE_TRY_COMPILE.build/Debug/cmTC_c3f98.build/Objects-normal/x86_64/testCCompiler.dia -c /Users/Leon/OneDrive\ -\ UniversityofExeter/Ship\ Motion\ Simulator/Projects/OpenGLScene/glfw/build/CMakeFiles/CMakeTmp/testCCompiler.c -o /Users/Leon/OneDrive\ -\ UniversityofExeter/Ship\ Motion\ Simulator/Projects/OpenGLScene/glfw/build/CMakeFiles/CMakeTmp/CMAKE_TRY_COMPILE.build/Debug/cmTC_c3f98.build/Objects-normal/x86_64/testCCompiler.o

Ld Debug/cmTC_c3f98 normal x86_64
    cd "/Users/Leon/OneDrive - UniversityofExeter/Ship Motion Simulator/Projects/OpenGLScene/glfw/build/CMakeFiles/CMakeTmp"
    export MACOSX_DEPLOYMENT_TARGET=10.12
    /Applications/Xcode.app/Contents/Developer/Toolchains/XcodeDefault.xctoolchain/usr/bin/clang -arch x86_64 -isysroot /Applications/Xcode.app/Contents/Developer/Platforms/MacOSX.platform/Developer/SDKs/MacOSX10.12.sdk -L/Users/Leon/OneDrive\ -\ UniversityofExeter/Ship\ Motion\ Simulator/Projects/OpenGLScene/glfw/build/CMakeFiles/CMakeTmp/Debug -F/Users/Leon/OneDrive\ -\ UniversityofExeter/Ship\ Motion\ Simulator/Projects/OpenGLScene/glfw/build/CMakeFiles/CMakeTmp/Debug -filelist /Users/Leon/OneDrive\ -\ UniversityofExeter/Ship\ Motion\ Simulator/Projects/OpenGLScene/glfw/build/CMakeFiles/CMakeTmp/CMAKE_TRY_COMPILE.build/Debug/cmTC_c3f98.build/Objects-normal/x86_64/cmTC_c3f98.LinkFileList -mmacosx-version-min=10.12 -Xlinker -object_path_lto -Xlinker /Users/Leon/OneDrive\ -\ UniversityofExeter/Ship\ Motion\ Simulator/Projects/OpenGLScene/glfw/build/CMakeFiles/CMakeTmp/CMAKE_TRY_COMPILE.build/Debug/cmTC_c3f98.build/Objects-normal/x86_64/cmTC_c3f98_lto.o -Xlinker -no_deduplicate -Wl,-search_paths_first -Wl,-headerpad_max_install_names -Xlinker -dependency_info -Xlinker /Users/Leon/OneDrive\ -\ UniversityofExeter/Ship\ Motion\ Simulator/Projects/OpenGLScene/glfw/build/CMakeFiles/CMakeTmp/CMAKE_TRY_COMPILE.build/Debug/cmTC_c3f98.build/Objects-normal/x86_64/cmTC_c3f98_dependency_info.dat -o /Users/Leon/OneDrive\ -\ UniversityofExeter/Ship\ Motion\ Simulator/Projects/OpenGLScene/glfw/build/CMakeFiles/CMakeTmp/Debug/cmTC_c3f98

** BUILD SUCCEEDED **



Detecting C compiler ABI info compiled with the following output:
Change Dir: /Users/Leon/OneDrive - UniversityofExeter/Ship Motion Simulator/Projects/OpenGLScene/glfw/build/CMakeFiles/CMakeTmp

Run Build Command:"/usr/bin/xcodebuild" "-project" "CMAKE_TRY_COMPILE.xcodeproj" "build" "-target" "cmTC_06117" "-configuration" "Debug"
=== BUILD TARGET cmTC_06117 OF PROJECT CMAKE_TRY_COMPILE WITH CONFIGURATION Debug ===

Check dependencies

Write auxiliary files
/bin/mkdir -p /Users/Leon/OneDrive\ -\ UniversityofExeter/Ship\ Motion\ Simulator/Projects/OpenGLScene/glfw/build/CMakeFiles/CMakeTmp/CMAKE_TRY_COMPILE.build/Debug/cmTC_06117.build/Objects-normal/x86_64
write-file /Users/Leon/OneDrive\ -\ UniversityofExeter/Ship\ Motion\ Simulator/Projects/OpenGLScene/glfw/build/CMakeFiles/CMakeTmp/CMAKE_TRY_COMPILE.build/Debug/cmTC_06117.build/Objects-normal/x86_64/cmTC_06117.LinkFileList

CompileC CMAKE_TRY_COMPILE.build/Debug/cmTC_06117.build/Objects-normal/x86_64/CMakeCCompilerABI.o /Applications/CMake.app/Contents/share/cmake-3.7/Modules/CMakeCCompilerABI.c normal x86_64 c com.apple.compilers.llvm.clang.1_0.compiler
    cd "/Users/Leon/OneDrive - UniversityofExeter/Ship Motion Simulator/Projects/OpenGLScene/glfw/build/CMakeFiles/CMakeTmp"
    export LANG=en_US.US-ASCII
    /Applications/Xcode.app/Contents/Developer/Toolchains/XcodeDefault.xctoolchain/usr/bin/clang -x c -arch x86_64 -fmessage-length=0 -fdiagnostics-show-note-include-stack -fmacro-backtrace-limit=0 -Wno-trigraphs -fpascal-strings -O0 -Wno-missing-field-initializers -Wno-missing-prototypes -Wno-return-type -Wno-missing-braces -Wparentheses -Wswitch -Wno-unused-function -Wno-unused-label -Wno-unused-parameter -Wno-unused-variable -Wunused-value -Wno-empty-body -Wno-uninitialized -Wno-unknown-pragmas -Wno-shadow -Wno-four-char-constants -Wno-conversion -Wno-constant-conversion -Wno-int-conversion -Wno-bool-conversion -Wno-enum-conversion -Wno-shorten-64-to-32 -Wpointer-sign -Wno-newline-eof -DCMAKE_INTDIR=\"Debug\" -isysroot /Applications/Xcode.app/Contents/Developer/Platforms/MacOSX.platform/Developer/SDKs/MacOSX10.12.sdk -fasm-blocks -fstrict-aliasing -Wdeprecated-declarations -mmacosx-version-min=10.12 -g -Wno-sign-conversion -Wno-infinite-recursion -I/Users/Leon/OneDrive\ -\ UniversityofExeter/Ship\ Motion\ Simulator/Projects/OpenGLScene/glfw/build/CMakeFiles/CMakeTmp/Debug/include -I/Users/Leon/OneDrive\ -\ UniversityofExeter/Ship\ Motion\ Simulator/Projects/OpenGLScene/glfw/build/CMakeFiles/CMakeTmp/CMAKE_TRY_COMPILE.build/Debug/cmTC_06117.build/DerivedSources/x86_64 -I/Users/Leon/OneDrive\ -\ UniversityofExeter/Ship\ Motion\ Simulator/Projects/OpenGLScene/glfw/build/CMakeFiles/CMakeTmp/CMAKE_TRY_COMPILE.build/Debug/cmTC_06117.build/DerivedSources -Wmost -Wno-four-char-constants -Wno-unknown-pragmas -F/Users/Leon/OneDrive\ -\ UniversityofExeter/Ship\ Motion\ Simulator/Projects/OpenGLScene/glfw/build/CMakeFiles/CMakeTmp/Debug -MMD -MT dependencies -MF /Users/Leon/OneDrive\ -\ UniversityofExeter/Ship\ Motion\ Simulator/Projects/OpenGLScene/glfw/build/CMakeFiles/CMakeTmp/CMAKE_TRY_COMPILE.build/Debug/cmTC_06117.build/Objects-normal/x86_64/CMakeCCompilerABI.d --serialize-diagnostics /Users/Leon/OneDrive\ -\ UniversityofExeter/Ship\ Motion\ Simulator/Projects/OpenGLScene/glfw/build/CMakeFiles/CMakeTmp/CMAKE_TRY_COMPILE.build/Debug/cmTC_06117.build/Objects-normal/x86_64/CMakeCCompilerABI.dia -c /Applications/CMake.app/Contents/share/cmake-3.7/Modules/CMakeCCompilerABI.c -o /Users/Leon/OneDrive\ -\ UniversityofExeter/Ship\ Motion\ Simulator/Projects/OpenGLScene/glfw/build/CMakeFiles/CMakeTmp/CMAKE_TRY_COMPILE.build/Debug/cmTC_06117.build/Objects-normal/x86_64/CMakeCCompilerABI.o

Ld Debug/cmTC_06117 normal x86_64
    cd "/Users/Leon/OneDrive - UniversityofExeter/Ship Motion Simulator/Projects/OpenGLScene/glfw/build/CMakeFiles/CMakeTmp"
    export MACOSX_DEPLOYMENT_TARGET=10.12
    /Applications/Xcode.app/Contents/Developer/Toolchains/XcodeDefault.xctoolchain/usr/bin/clang -arch x86_64 -isysroot /Applications/Xcode.app/Contents/Developer/Platforms/MacOSX.platform/Developer/SDKs/MacOSX10.12.sdk -L/Users/Leon/OneDrive\ -\ UniversityofExeter/Ship\ Motion\ Simulator/Projects/OpenGLScene/glfw/build/CMakeFiles/CMakeTmp/Debug -F/Users/Leon/OneDrive\ -\ UniversityofExeter/Ship\ Motion\ Simulator/Projects/OpenGLScene/glfw/build/CMakeFiles/CMakeTmp/Debug -filelist /Users/Leon/OneDrive\ -\ UniversityofExeter/Ship\ Motion\ Simulator/Projects/OpenGLScene/glfw/build/CMakeFiles/CMakeTmp/CMAKE_TRY_COMPILE.build/Debug/cmTC_06117.build/Objects-normal/x86_64/cmTC_06117.LinkFileList -mmacosx-version-min=10.12 -Xlinker -object_path_lto -Xlinker /Users/Leon/OneDrive\ -\ UniversityofExeter/Ship\ Motion\ Simulator/Projects/OpenGLScene/glfw/build/CMakeFiles/CMakeTmp/CMAKE_TRY_COMPILE.build/Debug/cmTC_06117.build/Objects-normal/x86_64/cmTC_06117_lto.o -Xlinker -no_deduplicate -v -Wl,-v -Wl,-search_paths_first -Wl,-headerpad_max_install_names -Xlinker -dependency_info -Xlinker /Users/Leon/OneDrive\ -\ UniversityofExeter/Ship\ Motion\ Simulator/Projects/OpenGLScene/glfw/build/CMakeFiles/CMakeTmp/CMAKE_TRY_COMPILE.build/Debug/cmTC_06117.build/Objects-normal/x86_64/cmTC_06117_dependency_info.dat -o /Users/Leon/OneDrive\ -\ UniversityofExeter/Ship\ Motion\ Simulator/Projects/OpenGLScene/glfw/build/CMakeFiles/CMakeTmp/Debug/cmTC_06117
Apple LLVM version 8.0.0 (clang-800.0.42.1)
Target: x86_64-apple-darwin16.4.0
Thread model: posix
InstalledDir: /Applications/Xcode.app/Contents/Developer/Toolchains/XcodeDefault.xctoolchain/usr/bin
 "/Applications/Xcode.app/Contents/Developer/Toolchains/XcodeDefault.xctoolchain/usr/bin/ld" -demangle -dynamic -arch x86_64 -macosx_version_min 10.12.0 -syslibroot /Applications/Xcode.app/Contents/Developer/Platforms/MacOSX.platform/Developer/SDKs/MacOSX10.12.sdk -o /Users/Leon/OneDrive - UniversityofExeter/Ship Motion Simulator/Projects/OpenGLScene/glfw/build/CMakeFiles/CMakeTmp/Debug/cmTC_06117 -L/Users/Leon/OneDrive - UniversityofExeter/Ship Motion Simulator/Projects/OpenGLScene/glfw/build/CMakeFiles/CMakeTmp/Debug -filelist /Users/Leon/OneDrive - UniversityofExeter/Ship Motion Simulator/Projects/OpenGLScene/glfw/build/CMakeFiles/CMakeTmp/CMAKE_TRY_COMPILE.build/Debug/cmTC_06117.build/Objects-normal/x86_64/cmTC_06117.LinkFileList -object_path_lto /Users/Leon/OneDrive - UniversityofExeter/Ship Motion Simulator/Projects/OpenGLScene/glfw/build/CMakeFiles/CMakeTmp/CMAKE_TRY_COMPILE.build/Debug/cmTC_06117.build/Objects-normal/x86_64/cmTC_06117_lto.o -no_deduplicate -v -search_paths_first -headerpad_max_install_names -dependency_info /Users/Leon/OneDrive - UniversityofExeter/Ship Motion Simulator/Projects/OpenGLScene/glfw/build/CMakeFiles/CMakeTmp/CMAKE_TRY_COMPILE.build/Debug/cmTC_06117.build/Objects-normal/x86_64/cmTC_06117_dependency_info.dat -lSystem /Applications/Xcode.app/Contents/Developer/Toolchains/XcodeDefault.xctoolchain/usr/bin/../lib/clang/8.0.0/lib/darwin/libclang_rt.osx.a -F/Users/Leon/OneDrive - UniversityofExeter/Ship Motion Simulator/Projects/OpenGLScene/glfw/build/CMakeFiles/CMakeTmp/Debug
@(#)PROGRAM:ld  PROJECT:ld64-274.2
configured to support archs: armv6 armv7 armv7s arm64 i386 x86_64 x86_64h armv6m armv7k armv7m armv7em (tvOS)
Library search paths:
	/Users/Leon/OneDrive - UniversityofExeter/Ship Motion Simulator/Projects/OpenGLScene/glfw/build/CMakeFiles/CMakeTmp/Debug
	/Applications/Xcode.app/Contents/Developer/Platforms/MacOSX.platform/Developer/SDKs/MacOSX10.12.sdk/usr/lib
Framework search paths:
	/Users/Leon/OneDrive - UniversityofExeter/Ship Motion Simulator/Projects/OpenGLScene/glfw/build/CMakeFiles/CMakeTmp/Debug
	/Applications/Xcode.app/Contents/Developer/Platforms/MacOSX.platform/Developer/SDKs/MacOSX10.12.sdk/System/Library/Frameworks/

** BUILD SUCCEEDED **



Parsed C implicit link information from above output:
  link line regex: [^( *|.*[/\])(ld|([^/\]+-)?ld|collect2)[^/\]*( |$)]
  ignore line: [Change Dir: /Users/Leon/OneDrive - UniversityofExeter/Ship Motion Simulator/Projects/OpenGLScene/glfw/build/CMakeFiles/CMakeTmp]
  ignore line: []
  ignore line: [Run Build Command:"/usr/bin/xcodebuild" "-project" "CMAKE_TRY_COMPILE.xcodeproj" "build" "-target" "cmTC_06117" "-configuration" "Debug"]
  ignore line: [=== BUILD TARGET cmTC_06117 OF PROJECT CMAKE_TRY_COMPILE WITH CONFIGURATION Debug ===]
  ignore line: []
  ignore line: [Check dependencies]
  ignore line: []
  ignore line: [Write auxiliary files]
  ignore line: [/bin/mkdir -p /Users/Leon/OneDrive\ -\ UniversityofExeter/Ship\ Motion\ Simulator/Projects/OpenGLScene/glfw/build/CMakeFiles/CMakeTmp/CMAKE_TRY_COMPILE.build/Debug/cmTC_06117.build/Objects-normal/x86_64]
  ignore line: [write-file /Users/Leon/OneDrive\ -\ UniversityofExeter/Ship\ Motion\ Simulator/Projects/OpenGLScene/glfw/build/CMakeFiles/CMakeTmp/CMAKE_TRY_COMPILE.build/Debug/cmTC_06117.build/Objects-normal/x86_64/cmTC_06117.LinkFileList]
  ignore line: []
  ignore line: [CompileC CMAKE_TRY_COMPILE.build/Debug/cmTC_06117.build/Objects-normal/x86_64/CMakeCCompilerABI.o /Applications/CMake.app/Contents/share/cmake-3.7/Modules/CMakeCCompilerABI.c normal x86_64 c com.apple.compilers.llvm.clang.1_0.compiler]
  ignore line: [    cd "/Users/Leon/OneDrive - UniversityofExeter/Ship Motion Simulator/Projects/OpenGLScene/glfw/build/CMakeFiles/CMakeTmp"]
  ignore line: [    export LANG=en_US.US-ASCII]
  ignore line: [    /Applications/Xcode.app/Contents/Developer/Toolchains/XcodeDefault.xctoolchain/usr/bin/clang -x c -arch x86_64 -fmessage-length=0 -fdiagnostics-show-note-include-stack -fmacro-backtrace-limit=0 -Wno-trigraphs -fpascal-strings -O0 -Wno-missing-field-initializers -Wno-missing-prototypes -Wno-return-type -Wno-missing-braces -Wparentheses -Wswitch -Wno-unused-function -Wno-unused-label -Wno-unused-parameter -Wno-unused-variable -Wunused-value -Wno-empty-body -Wno-uninitialized -Wno-unknown-pragmas -Wno-shadow -Wno-four-char-constants -Wno-conversion -Wno-constant-conversion -Wno-int-conversion -Wno-bool-conversion -Wno-enum-conversion -Wno-shorten-64-to-32 -Wpointer-sign -Wno-newline-eof -DCMAKE_INTDIR=\"Debug\" -isysroot /Applications/Xcode.app/Contents/Developer/Platforms/MacOSX.platform/Developer/SDKs/MacOSX10.12.sdk -fasm-blocks -fstrict-aliasing -Wdeprecated-declarations -mmacosx-version-min=10.12 -g -Wno-sign-conversion -Wno-infinite-recursion -I/Users/Leon/OneDrive\ -\ UniversityofExeter/Ship\ Motion\ Simulator/Projects/OpenGLScene/glfw/build/CMakeFiles/CMakeTmp/Debug/include -I/Users/Leon/OneDrive\ -\ UniversityofExeter/Ship\ Motion\ Simulator/Projects/OpenGLScene/glfw/build/CMakeFiles/CMakeTmp/CMAKE_TRY_COMPILE.build/Debug/cmTC_06117.build/DerivedSources/x86_64 -I/Users/Leon/OneDrive\ -\ UniversityofExeter/Ship\ Motion\ Simulator/Projects/OpenGLScene/glfw/build/CMakeFiles/CMakeTmp/CMAKE_TRY_COMPILE.build/Debug/cmTC_06117.build/DerivedSources -Wmost -Wno-four-char-constants -Wno-unknown-pragmas -F/Users/Leon/OneDrive\ -\ UniversityofExeter/Ship\ Motion\ Simulator/Projects/OpenGLScene/glfw/build/CMakeFiles/CMakeTmp/Debug -MMD -MT dependencies -MF /Users/Leon/OneDrive\ -\ UniversityofExeter/Ship\ Motion\ Simulator/Projects/OpenGLScene/glfw/build/CMakeFiles/CMakeTmp/CMAKE_TRY_COMPILE.build/Debug/cmTC_06117.build/Objects-normal/x86_64/CMakeCCompilerABI.d --serialize-diagnostics /Users/Leon/OneDrive\ -\ UniversityofExeter/Ship\ Motion\ Simulator/Projects/OpenGLScene/glfw/build/CMakeFiles/CMakeTmp/CMAKE_TRY_COMPILE.build/Debug/cmTC_06117.build/Objects-normal/x86_64/CMakeCCompilerABI.dia -c /Applications/CMake.app/Contents/share/cmake-3.7/Modules/CMakeCCompilerABI.c -o /Users/Leon/OneDrive\ -\ UniversityofExeter/Ship\ Motion\ Simulator/Projects/OpenGLScene/glfw/build/CMakeFiles/CMakeTmp/CMAKE_TRY_COMPILE.build/Debug/cmTC_06117.build/Objects-normal/x86_64/CMakeCCompilerABI.o]
  ignore line: []
  ignore line: [Ld Debug/cmTC_06117 normal x86_64]
  ignore line: [    cd "/Users/Leon/OneDrive - UniversityofExeter/Ship Motion Simulator/Projects/OpenGLScene/glfw/build/CMakeFiles/CMakeTmp"]
  ignore line: [    export MACOSX_DEPLOYMENT_TARGET=10.12]
  ignore line: [    /Applications/Xcode.app/Contents/Developer/Toolchains/XcodeDefault.xctoolchain/usr/bin/clang -arch x86_64 -isysroot /Applications/Xcode.app/Contents/Developer/Platforms/MacOSX.platform/Developer/SDKs/MacOSX10.12.sdk -L/Users/Leon/OneDrive\ -\ UniversityofExeter/Ship\ Motion\ Simulator/Projects/OpenGLScene/glfw/build/CMakeFiles/CMakeTmp/Debug -F/Users/Leon/OneDrive\ -\ UniversityofExeter/Ship\ Motion\ Simulator/Projects/OpenGLScene/glfw/build/CMakeFiles/CMakeTmp/Debug -filelist /Users/Leon/OneDrive\ -\ UniversityofExeter/Ship\ Motion\ Simulator/Projects/OpenGLScene/glfw/build/CMakeFiles/CMakeTmp/CMAKE_TRY_COMPILE.build/Debug/cmTC_06117.build/Objects-normal/x86_64/cmTC_06117.LinkFileList -mmacosx-version-min=10.12 -Xlinker -object_path_lto -Xlinker /Users/Leon/OneDrive\ -\ UniversityofExeter/Ship\ Motion\ Simulator/Projects/OpenGLScene/glfw/build/CMakeFiles/CMakeTmp/CMAKE_TRY_COMPILE.build/Debug/cmTC_06117.build/Objects-normal/x86_64/cmTC_06117_lto.o -Xlinker -no_deduplicate -v -Wl,-v -Wl,-search_paths_first -Wl,-headerpad_max_install_names -Xlinker -dependency_info -Xlinker /Users/Leon/OneDrive\ -\ UniversityofExeter/Ship\ Motion\ Simulator/Projects/OpenGLScene/glfw/build/CMakeFiles/CMakeTmp/CMAKE_TRY_COMPILE.build/Debug/cmTC_06117.build/Objects-normal/x86_64/cmTC_06117_dependency_info.dat -o /Users/Leon/OneDrive\ -\ UniversityofExeter/Ship\ Motion\ Simulator/Projects/OpenGLScene/glfw/build/CMakeFiles/CMakeTmp/Debug/cmTC_06117]
  ignore line: [Apple LLVM version 8.0.0 (clang-800.0.42.1)]
  ignore line: [Target: x86_64-apple-darwin16.4.0]
  ignore line: [Thread model: posix]
  ignore line: [InstalledDir: /Applications/Xcode.app/Contents/Developer/Toolchains/XcodeDefault.xctoolchain/usr/bin]
  reduced line: [ "/Applications/Xcode.app/Contents/Developer/Toolchains/XcodeDefault.xctoolchain/usr/bin/ld" -demangle -dynamic -arch x86_64 -macosx_version_min 10.12.0 -syslibroot /Applications/Xcode.app/Contents/Developer/Platforms/MacOSX.platform/Developer/SDKs/MacOSX10.12.sdk -o /Users/Leon/OneDrive - UniversityofExeter/Ship Motion Simulator/Projects/OpenGLScene/glfw/build/CMakeFiles/CMakeTmp/Debug/cmTC_06117 -L/Users/Leon/OneDrive - UniversityofExeter/Ship Motion Simulator/Projects/OpenGLScene/glfw/build/CMakeFiles/CMakeTmp/Debug -filelist /Users/Leon/OneDrive - UniversityofExeter/Ship Motion Simulator/Projects/OpenGLScene/glfw/build/CMakeFiles/CMakeTmp/CMAKE_TRY_COMPILE.build/Debug/cmTC_06117.build/Objects-normal/x86_64/cmTC_06117.LinkFileList -object_path_lto /Users/Leon/OneDrive - UniversityofExeter/Ship Motion Simulator/Projects/OpenGLScene/glfw/build/CMakeFiles/CMakeTmp/CMAKE_TRY_COMPILE.build/Debug/cmTC_06117.build/Objects-normal/x86_64/cmTC_06117_lto.o -no_deduplicate -v -search_paths_first -headerpad_max_install_names -dependency_info /Users/Leon/OneDrive - UniversityofExeter/Ship Motion Simulator/Projects/OpenGLScene/glfw/build/CMakeFiles/CMakeTmp/CMAKE_TRY_COMPILE.build/Debug/cmTC_06117.build/Objects-normal/x86_64/cmTC_06117_dependency_info.dat -lSystem /Applications/Xcode.app/Contents/Developer/Toolchains/XcodeDefault.xctoolchain/usr/bin/../lib/clang/8.0.0/lib/darwin/libclang_rt.osx.a -F/Users/Leon/OneDrive - UniversityofExeter/Ship Motion Simulator/Projects/OpenGLScene/glfw/build/CMakeFiles/CMakeTmp/Debug]
            to: [ "/Applications/Xcode.app/Contents/Developer/Toolchains/XcodeDefault.xctoolchain/usr/bin/ld" -demangle -dynamic -arch x86_64 -macosx_version_min 10.12.0 -syslibroot /Applications/Xcode.app/Contents/Developer/Platforms/MacOSX.platform/Developer/SDKs/MacOSX10.12.sdk -o /Users/Leon/OneDrive - UniversityofExeter/Ship Motion Simulator/Projects/OpenGLScene/glfw/build/CMakeFiles/CMakeTmp/Debug/cmTC_06117 -filelist /Users/Leon/OneDrive - UniversityofExeter/Ship Motion Simulator/Projects/OpenGLScene/glfw/build/CMakeFiles/CMakeTmp/CMAKE_TRY_COMPILE.build/Debug/cmTC_06117.build/Objects-normal/x86_64/cmTC_06117.LinkFileList -object_path_lto /Users/Leon/OneDrive - UniversityofExeter/Ship Motion Simulator/Projects/OpenGLScene/glfw/build/CMakeFiles/CMakeTmp/CMAKE_TRY_COMPILE.build/Debug/cmTC_06117.build/Objects-normal/x86_64/cmTC_06117_lto.o -no_deduplicate -v -search_paths_first -headerpad_max_install_names -dependency_info /Users/Leon/OneDrive - UniversityofExeter/Ship Motion Simulator/Projects/OpenGLScene/glfw/build/CMakeFiles/CMakeTmp/CMAKE_TRY_COMPILE.build/Debug/cmTC_06117.build/Objects-normal/x86_64/cmTC_06117_dependency_info.dat -lSystem /Applications/Xcode.app/Contents/Developer/Toolchains/XcodeDefault.xctoolchain/usr/bin/../lib/clang/8.0.0/lib/darwin/libclang_rt.osx.a ]
  link line: [ "/Applications/Xcode.app/Contents/Developer/Toolchains/XcodeDefault.xctoolchain/usr/bin/ld" -demangle -dynamic -arch x86_64 -macosx_version_min 10.12.0 -syslibroot /Applications/Xcode.app/Contents/Developer/Platforms/MacOSX.platform/Developer/SDKs/MacOSX10.12.sdk -o /Users/Leon/OneDrive - UniversityofExeter/Ship Motion Simulator/Projects/OpenGLScene/glfw/build/CMakeFiles/CMakeTmp/Debug/cmTC_06117 -filelist /Users/Leon/OneDrive - UniversityofExeter/Ship Motion Simulator/Projects/OpenGLScene/glfw/build/CMakeFiles/CMakeTmp/CMAKE_TRY_COMPILE.build/Debug/cmTC_06117.build/Objects-normal/x86_64/cmTC_06117.LinkFileList -object_path_lto /Users/Leon/OneDrive - UniversityofExeter/Ship Motion Simulator/Projects/OpenGLScene/glfw/build/CMakeFiles/CMakeTmp/CMAKE_TRY_COMPILE.build/Debug/cmTC_06117.build/Objects-normal/x86_64/cmTC_06117_lto.o -no_deduplicate -v -search_paths_first -headerpad_max_install_names -dependency_info /Users/Leon/OneDrive - UniversityofExeter/Ship Motion Simulator/Projects/OpenGLScene/glfw/build/CMakeFiles/CMakeTmp/CMAKE_TRY_COMPILE.build/Debug/cmTC_06117.build/Objects-normal/x86_64/cmTC_06117_dependency_info.dat -lSystem /Applications/Xcode.app/Contents/Developer/Toolchains/XcodeDefault.xctoolchain/usr/bin/../lib/clang/8.0.0/lib/darwin/libclang_rt.osx.a ]
    arg [/Applications/Xcode.app/Contents/Developer/Toolchains/XcodeDefault.xctoolchain/usr/bin/ld] ==> ignore
    arg [-demangle] ==> ignore
    arg [-dynamic] ==> ignore
    arg [-arch] ==> ignore
    arg [x86_64] ==> ignore
    arg [-macosx_version_min] ==> ignore
    arg [10.12.0] ==> ignore
    arg [-syslibroot] ==> ignore
    arg [/Applications/Xcode.app/Contents/Developer/Platforms/MacOSX.platform/Developer/SDKs/MacOSX10.12.sdk] ==> ignore
    arg [-o] ==> ignore
    arg [/Users/Leon/OneDrive] ==> ignore
    arg [-] ==> ignore
    arg [UniversityofExeter/Ship] ==> ignore
    arg [Motion] ==> ignore
    arg [Simulator/Projects/OpenGLScene/glfw/build/CMakeFiles/CMakeTmp/Debug/cmTC_06117] ==> ignore
    arg [-filelist] ==> ignore
    arg [/Users/Leon/OneDrive] ==> ignore
    arg [-] ==> ignore
    arg [UniversityofExeter/Ship] ==> ignore
    arg [Motion] ==> ignore
    arg [Simulator/Projects/OpenGLScene/glfw/build/CMakeFiles/CMakeTmp/CMAKE_TRY_COMPILE.build/Debug/cmTC_06117.build/Objects-normal/x86_64/cmTC_06117.LinkFileList] ==> ignore
    arg [-object_path_lto] ==> ignore
    arg [/Users/Leon/OneDrive] ==> ignore
    arg [-] ==> ignore
    arg [UniversityofExeter/Ship] ==> ignore
    arg [Motion] ==> ignore
    arg [Simulator/Projects/OpenGLScene/glfw/build/CMakeFiles/CMakeTmp/CMAKE_TRY_COMPILE.build/Debug/cmTC_06117.build/Objects-normal/x86_64/cmTC_06117_lto.o] ==> ignore
    arg [-no_deduplicate] ==> ignore
    arg [-v] ==> ignore
    arg [-search_paths_first] ==> ignore
    arg [-headerpad_max_install_names] ==> ignore
    arg [-dependency_info] ==> ignore
    arg [/Users/Leon/OneDrive] ==> ignore
    arg [-] ==> ignore
    arg [UniversityofExeter/Ship] ==> ignore
    arg [Motion] ==> ignore
    arg [Simulator/Projects/OpenGLScene/glfw/build/CMakeFiles/CMakeTmp/CMAKE_TRY_COMPILE.build/Debug/cmTC_06117.build/Objects-normal/x86_64/cmTC_06117_dependency_info.dat] ==> ignore
    arg [-lSystem] ==> lib [System]
    arg [/Applications/Xcode.app/Contents/Developer/Toolchains/XcodeDefault.xctoolchain/usr/bin/../lib/clang/8.0.0/lib/darwin/libclang_rt.osx.a] ==> lib [/Applications/Xcode.app/Contents/Developer/Toolchains/XcodeDefault.xctoolchain/usr/bin/../lib/clang/8.0.0/lib/darwin/libclang_rt.osx.a]
  Library search paths: [;/Users/Leon/OneDrive - UniversityofExeter/Ship Motion Simulator/Projects/OpenGLScene/glfw/build/CMakeFiles/CMakeTmp/Debug;/Applications/Xcode.app/Contents/Developer/Platforms/MacOSX.platform/Developer/SDKs/MacOSX10.12.sdk/usr/lib]
  Framework search paths: [;/Users/Leon/OneDrive - UniversityofExeter/Ship Motion Simulator/Projects/OpenGLScene/glfw/build/CMakeFiles/CMakeTmp/Debug;/Applications/Xcode.app/Contents/Developer/Platforms/MacOSX.platform/Developer/SDKs/MacOSX10.12.sdk/System/Library/Frameworks/]
  remove lib [System]
  remove lib [/Applications/Xcode.app/Contents/Developer/Toolchains/XcodeDefault.xctoolchain/usr/bin/../lib/clang/8.0.0/lib/darwin/libclang_rt.osx.a]
  collapse library dir [/Users/Leon/OneDrive - UniversityofExeter/Ship Motion Simulator/Projects/OpenGLScene/glfw/build/CMakeFiles/CMakeTmp/Debug] ==> [/Users/Leon/OneDrive - UniversityofExeter/Ship Motion Simulator/Projects/OpenGLScene/glfw/build/CMakeFiles/CMakeTmp/Debug], skipping non-system directory
  collapse library dir [/Applications/Xcode.app/Contents/Developer/Platforms/MacOSX.platform/Developer/SDKs/MacOSX10.12.sdk/usr/lib] ==> [/Applications/Xcode.app/Contents/Developer/Platforms/MacOSX.platform/Developer/SDKs/MacOSX10.12.sdk/usr/lib]
  collapse framework dir [/Users/Leon/OneDrive - UniversityofExeter/Ship Motion Simulator/Projects/OpenGLScene/glfw/build/CMakeFiles/CMakeTmp/Debug] ==> [/Users/Leon/OneDrive - UniversityofExeter/Ship Motion Simulator/Projects/OpenGLScene/glfw/build/CMakeFiles/CMakeTmp/Debug], skipping non-system directory
  collapse framework dir [/Applications/Xcode.app/Contents/Developer/Platforms/MacOSX.platform/Developer/SDKs/MacOSX10.12.sdk/System/Library/Frameworks/] ==> [/Applications/Xcode.app/Contents/Developer/Platforms/MacOSX.platform/Developer/SDKs/MacOSX10.12.sdk/System/Library/Frameworks]
  implicit libs: []
  implicit dirs: [/Applications/Xcode.app/Contents/Developer/Platforms/MacOSX.platform/Developer/SDKs/MacOSX10.12.sdk/usr/lib]
  implicit fwks: [/Applications/Xcode.app/Contents/Developer/Platforms/MacOSX.platform/Developer/SDKs/MacOSX10.12.sdk/System/Library/Frameworks]




Detecting C [-std=c11] compiler features compiled with the following output:
Change Dir: /Users/Leon/OneDrive - UniversityofExeter/Ship Motion Simulator/Projects/OpenGLScene/glfw/build/CMakeFiles/CMakeTmp

Run Build Command:"/usr/bin/xcodebuild" "-project" "CMAKE_TRY_COMPILE.xcodeproj" "build" "-target" "cmTC_45163" "-configuration" "Debug"
=== BUILD TARGET cmTC_45163 OF PROJECT CMAKE_TRY_COMPILE WITH CONFIGURATION Debug ===

Check dependencies

Write auxiliary files
/bin/mkdir -p /Users/Leon/OneDrive\ -\ UniversityofExeter/Ship\ Motion\ Simulator/Projects/OpenGLScene/glfw/build/CMakeFiles/CMakeTmp/CMAKE_TRY_COMPILE.build/Debug/cmTC_45163.build/Objects-normal/x86_64
write-file /Users/Leon/OneDrive\ -\ UniversityofExeter/Ship\ Motion\ Simulator/Projects/OpenGLScene/glfw/build/CMakeFiles/CMakeTmp/CMAKE_TRY_COMPILE.build/Debug/cmTC_45163.build/Objects-normal/x86_64/cmTC_45163.LinkFileList

CompileC CMAKE_TRY_COMPILE.build/Debug/cmTC_45163.build/Objects-normal/x86_64/feature_tests.o /Users/Leon/OneDrive\ -\ UniversityofExeter/Ship\ Motion\ Simulator/Projects/OpenGLScene/glfw/build/CMakeFiles/feature_tests.c normal x86_64 c com.apple.compilers.llvm.clang.1_0.compiler
    cd "/Users/Leon/OneDrive - UniversityofExeter/Ship Motion Simulator/Projects/OpenGLScene/glfw/build/CMakeFiles/CMakeTmp"
    export LANG=en_US.US-ASCII
    /Applications/Xcode.app/Contents/Developer/Toolchains/XcodeDefault.xctoolchain/usr/bin/clang -x c -arch x86_64 -fmessage-length=0 -fdiagnostics-show-note-include-stack -fmacro-backtrace-limit=0 -Wno-trigraphs -fpascal-strings -O0 -Wno-missing-field-initializers -Wno-missing-prototypes -Wno-return-type -Wno-missing-braces -Wparentheses -Wswitch -Wno-unused-function -Wno-unused-label -Wno-unused-parameter -Wno-unused-variable -Wunused-value -Wno-empty-body -Wno-uninitialized -Wno-unknown-pragmas -Wno-shadow -Wno-four-char-constants -Wno-conversion -Wno-constant-conversion -Wno-int-conversion -Wno-bool-conversion -Wno-enum-conversion -Wno-shorten-64-to-32 -Wpointer-sign -Wno-newline-eof -DCMAKE_INTDIR=\"Debug\" -isysroot /Applications/Xcode.app/Contents/Developer/Platforms/MacOSX.platform/Developer/SDKs/MacOSX10.12.sdk -fasm-blocks -fstrict-aliasing -Wdeprecated-declarations -mmacosx-version-min=10.12 -g -Wno-sign-conversion -Wno-infinite-recursion -I/Users/Leon/OneDrive\ -\ UniversityofExeter/Ship\ Motion\ Simulator/Projects/OpenGLScene/glfw/build/CMakeFiles/CMakeTmp/Debug/include -I/Users/Leon/OneDrive\ -\ UniversityofExeter/Ship\ Motion\ Simulator/Projects/OpenGLScene/glfw/build/CMakeFiles/CMakeTmp/CMAKE_TRY_COMPILE.build/Debug/cmTC_45163.build/DerivedSources/x86_64 -I/Users/Leon/OneDrive\ -\ UniversityofExeter/Ship\ Motion\ Simulator/Projects/OpenGLScene/glfw/build/CMakeFiles/CMakeTmp/CMAKE_TRY_COMPILE.build/Debug/cmTC_45163.build/DerivedSources -Wmost -Wno-four-char-constants -Wno-unknown-pragmas -F/Users/Leon/OneDrive\ -\ UniversityofExeter/Ship\ Motion\ Simulator/Projects/OpenGLScene/glfw/build/CMakeFiles/CMakeTmp/Debug -std=c11 -MMD -MT dependencies -MF /Users/Leon/OneDrive\ -\ UniversityofExeter/Ship\ Motion\ Simulator/Projects/OpenGLScene/glfw/build/CMakeFiles/CMakeTmp/CMAKE_TRY_COMPILE.build/Debug/cmTC_45163.build/Objects-normal/x86_64/feature_tests.d --serialize-diagnostics /Users/Leon/OneDrive\ -\ UniversityofExeter/Ship\ Motion\ Simulator/Projects/OpenGLScene/glfw/build/CMakeFiles/CMakeTmp/CMAKE_TRY_COMPILE.build/Debug/cmTC_45163.build/Objects-normal/x86_64/feature_tests.dia -c /Users/Leon/OneDrive\ -\ UniversityofExeter/Ship\ Motion\ Simulator/Projects/OpenGLScene/glfw/build/CMakeFiles/feature_tests.c -o /Users/Leon/OneDrive\ -\ UniversityofExeter/Ship\ Motion\ Simulator/Projects/OpenGLScene/glfw/build/CMakeFiles/CMakeTmp/CMAKE_TRY_COMPILE.build/Debug/cmTC_45163.build/Objects-normal/x86_64/feature_tests.o

Ld Debug/cmTC_45163 normal x86_64
    cd "/Users/Leon/OneDrive - UniversityofExeter/Ship Motion Simulator/Projects/OpenGLScene/glfw/build/CMakeFiles/CMakeTmp"
    export MACOSX_DEPLOYMENT_TARGET=10.12
    /Applications/Xcode.app/Contents/Developer/Toolchains/XcodeDefault.xctoolchain/usr/bin/clang -arch x86_64 -isysroot /Applications/Xcode.app/Contents/Developer/Platforms/MacOSX.platform/Developer/SDKs/MacOSX10.12.sdk -L/Users/Leon/OneDrive\ -\ UniversityofExeter/Ship\ Motion\ Simulator/Projects/OpenGLScene/glfw/build/CMakeFiles/CMakeTmp/Debug -F/Users/Leon/OneDrive\ -\ UniversityofExeter/Ship\ Motion\ Simulator/Projects/OpenGLScene/glfw/build/CMakeFiles/CMakeTmp/Debug -filelist /Users/Leon/OneDrive\ -\ UniversityofExeter/Ship\ Motion\ Simulator/Projects/OpenGLScene/glfw/build/CMakeFiles/CMakeTmp/CMAKE_TRY_COMPILE.build/Debug/cmTC_45163.build/Objects-normal/x86_64/cmTC_45163.LinkFileList -mmacosx-version-min=10.12 -Xlinker -object_path_lto -Xlinker /Users/Leon/OneDrive\ -\ UniversityofExeter/Ship\ Motion\ Simulator/Projects/OpenGLScene/glfw/build/CMakeFiles/CMakeTmp/CMAKE_TRY_COMPILE.build/Debug/cmTC_45163.build/Objects-normal/x86_64/cmTC_45163_lto.o -Xlinker -no_deduplicate -Wl,-search_paths_first -Wl,-headerpad_max_install_names -Xlinker -dependency_info -Xlinker /Users/Leon/OneDrive\ -\ UniversityofExeter/Ship\ Motion\ Simulator/Projects/OpenGLScene/glfw/build/CMakeFiles/CMakeTmp/CMAKE_TRY_COMPILE.build/Debug/cmTC_45163.build/Objects-normal/x86_64/cmTC_45163_dependency_info.dat -o /Users/Leon/OneDrive\ -\ UniversityofExeter/Ship\ Motion\ Simulator/Projects/OpenGLScene/glfw/build/CMakeFiles/CMakeTmp/Debug/cmTC_45163

** BUILD SUCCEEDED **



    Feature record: C_FEATURE:1c_function_prototypes
    Feature record: C_FEATURE:1c_restrict
    Feature record: C_FEATURE:1c_static_assert
    Feature record: C_FEATURE:1c_variadic_macros


Detecting C [-std=c99] compiler features compiled with the following output:
Change Dir: /Users/Leon/OneDrive - UniversityofExeter/Ship Motion Simulator/Projects/OpenGLScene/glfw/build/CMakeFiles/CMakeTmp

Run Build Command:"/usr/bin/xcodebuild" "-project" "CMAKE_TRY_COMPILE.xcodeproj" "build" "-target" "cmTC_e7564" "-configuration" "Debug"
=== BUILD TARGET cmTC_e7564 OF PROJECT CMAKE_TRY_COMPILE WITH CONFIGURATION Debug ===

Check dependencies

Write auxiliary files
/bin/mkdir -p /Users/Leon/OneDrive\ -\ UniversityofExeter/Ship\ Motion\ Simulator/Projects/OpenGLScene/glfw/build/CMakeFiles/CMakeTmp/CMAKE_TRY_COMPILE.build/Debug/cmTC_e7564.build/Objects-normal/x86_64
write-file /Users/Leon/OneDrive\ -\ UniversityofExeter/Ship\ Motion\ Simulator/Projects/OpenGLScene/glfw/build/CMakeFiles/CMakeTmp/CMAKE_TRY_COMPILE.build/Debug/cmTC_e7564.build/Objects-normal/x86_64/cmTC_e7564.LinkFileList

CompileC CMAKE_TRY_COMPILE.build/Debug/cmTC_e7564.build/Objects-normal/x86_64/feature_tests.o /Users/Leon/OneDrive\ -\ UniversityofExeter/Ship\ Motion\ Simulator/Projects/OpenGLScene/glfw/build/CMakeFiles/feature_tests.c normal x86_64 c com.apple.compilers.llvm.clang.1_0.compiler
    cd "/Users/Leon/OneDrive - UniversityofExeter/Ship Motion Simulator/Projects/OpenGLScene/glfw/build/CMakeFiles/CMakeTmp"
    export LANG=en_US.US-ASCII
    /Applications/Xcode.app/Contents/Developer/Toolchains/XcodeDefault.xctoolchain/usr/bin/clang -x c -arch x86_64 -fmessage-length=0 -fdiagnostics-show-note-include-stack -fmacro-backtrace-limit=0 -Wno-trigraphs -fpascal-strings -O0 -Wno-missing-field-initializers -Wno-missing-prototypes -Wno-return-type -Wno-missing-braces -Wparentheses -Wswitch -Wno-unused-function -Wno-unused-label -Wno-unused-parameter -Wno-unused-variable -Wunused-value -Wno-empty-body -Wno-uninitialized -Wno-unknown-pragmas -Wno-shadow -Wno-four-char-constants -Wno-conversion -Wno-constant-conversion -Wno-int-conversion -Wno-bool-conversion -Wno-enum-conversion -Wno-shorten-64-to-32 -Wpointer-sign -Wno-newline-eof -DCMAKE_INTDIR=\"Debug\" -isysroot /Applications/Xcode.app/Contents/Developer/Platforms/MacOSX.platform/Developer/SDKs/MacOSX10.12.sdk -fasm-blocks -fstrict-aliasing -Wdeprecated-declarations -mmacosx-version-min=10.12 -g -Wno-sign-conversion -Wno-infinite-recursion -I/Users/Leon/OneDrive\ -\ UniversityofExeter/Ship\ Motion\ Simulator/Projects/OpenGLScene/glfw/build/CMakeFiles/CMakeTmp/Debug/include -I/Users/Leon/OneDrive\ -\ UniversityofExeter/Ship\ Motion\ Simulator/Projects/OpenGLScene/glfw/build/CMakeFiles/CMakeTmp/CMAKE_TRY_COMPILE.build/Debug/cmTC_e7564.build/DerivedSources/x86_64 -I/Users/Leon/OneDrive\ -\ UniversityofExeter/Ship\ Motion\ Simulator/Projects/OpenGLScene/glfw/build/CMakeFiles/CMakeTmp/CMAKE_TRY_COMPILE.build/Debug/cmTC_e7564.build/DerivedSources -Wmost -Wno-four-char-constants -Wno-unknown-pragmas -F/Users/Leon/OneDrive\ -\ UniversityofExeter/Ship\ Motion\ Simulator/Projects/OpenGLScene/glfw/build/CMakeFiles/CMakeTmp/Debug -std=c99 -MMD -MT dependencies -MF /Users/Leon/OneDrive\ -\ UniversityofExeter/Ship\ Motion\ Simulator/Projects/OpenGLScene/glfw/build/CMakeFiles/CMakeTmp/CMAKE_TRY_COMPILE.build/Debug/cmTC_e7564.build/Objects-normal/x86_64/feature_tests.d --serialize-diagnostics /Users/Leon/OneDrive\ -\ UniversityofExeter/Ship\ Motion\ Simulator/Projects/OpenGLScene/glfw/build/CMakeFiles/CMakeTmp/CMAKE_TRY_COMPILE.build/Debug/cmTC_e7564.build/Objects-normal/x86_64/feature_tests.dia -c /Users/Leon/OneDrive\ -\ UniversityofExeter/Ship\ Motion\ Simulator/Projects/OpenGLScene/glfw/build/CMakeFiles/feature_tests.c -o /Users/Leon/OneDrive\ -\ UniversityofExeter/Ship\ Motion\ Simulator/Projects/OpenGLScene/glfw/build/CMakeFiles/CMakeTmp/CMAKE_TRY_COMPILE.build/Debug/cmTC_e7564.build/Objects-normal/x86_64/feature_tests.o

Ld Debug/cmTC_e7564 normal x86_64
    cd "/Users/Leon/OneDrive - UniversityofExeter/Ship Motion Simulator/Projects/OpenGLScene/glfw/build/CMakeFiles/CMakeTmp"
    export MACOSX_DEPLOYMENT_TARGET=10.12
    /Applications/Xcode.app/Contents/Developer/Toolchains/XcodeDefault.xctoolchain/usr/bin/clang -arch x86_64 -isysroot /Applications/Xcode.app/Contents/Developer/Platforms/MacOSX.platform/Developer/SDKs/MacOSX10.12.sdk -L/Users/Leon/OneDrive\ -\ UniversityofExeter/Ship\ Motion\ Simulator/Projects/OpenGLScene/glfw/build/CMakeFiles/CMakeTmp/Debug -F/Users/Leon/OneDrive\ -\ UniversityofExeter/Ship\ Motion\ Simulator/Projects/OpenGLScene/glfw/build/CMakeFiles/CMakeTmp/Debug -filelist /Users/Leon/OneDrive\ -\ UniversityofExeter/Ship\ Motion\ Simulator/Projects/OpenGLScene/glfw/build/CMakeFiles/CMakeTmp/CMAKE_TRY_COMPILE.build/Debug/cmTC_e7564.build/Objects-normal/x86_64/cmTC_e7564.LinkFileList -mmacosx-version-min=10.12 -Xlinker -object_path_lto -Xlinker /Users/Leon/OneDrive\ -\ UniversityofExeter/Ship\ Motion\ Simulator/Projects/OpenGLScene/glfw/build/CMakeFiles/CMakeTmp/CMAKE_TRY_COMPILE.build/Debug/cmTC_e7564.build/Objects-normal/x86_64/cmTC_e7564_lto.o -Xlinker -no_deduplicate -Wl,-search_paths_first -Wl,-headerpad_max_install_names -Xlinker -dependency_info -Xlinker /Users/Leon/OneDrive\ -\ UniversityofExeter/Ship\ Motion\ Simulator/Projects/OpenGLScene/glfw/build/CMakeFiles/CMakeTmp/CMAKE_TRY_COMPILE.build/Debug/cmTC_e7564.build/Objects-normal/x86_64/cmTC_e7564_dependency_info.dat -o /Users/Leon/OneDrive\ -\ UniversityofExeter/Ship\ Motion\ Simulator/Projects/OpenGLScene/glfw/build/CMakeFiles/CMakeTmp/Debug/cmTC_e7564

** BUILD SUCCEEDED **



    Feature record: C_FEATURE:1c_function_prototypes
    Feature record: C_FEATURE:1c_restrict
    Feature record: C_FEATURE:0c_static_assert
    Feature record: C_FEATURE:1c_variadic_macros


Detecting C [-std=c90] compiler features compiled with the following output:
Change Dir: /Users/Leon/OneDrive - UniversityofExeter/Ship Motion Simulator/Projects/OpenGLScene/glfw/build/CMakeFiles/CMakeTmp

Run Build Command:"/usr/bin/xcodebuild" "-project" "CMAKE_TRY_COMPILE.xcodeproj" "build" "-target" "cmTC_70695" "-configuration" "Debug"
=== BUILD TARGET cmTC_70695 OF PROJECT CMAKE_TRY_COMPILE WITH CONFIGURATION Debug ===

Check dependencies

Write auxiliary files
/bin/mkdir -p /Users/Leon/OneDrive\ -\ UniversityofExeter/Ship\ Motion\ Simulator/Projects/OpenGLScene/glfw/build/CMakeFiles/CMakeTmp/CMAKE_TRY_COMPILE.build/Debug/cmTC_70695.build/Objects-normal/x86_64
write-file /Users/Leon/OneDrive\ -\ UniversityofExeter/Ship\ Motion\ Simulator/Projects/OpenGLScene/glfw/build/CMakeFiles/CMakeTmp/CMAKE_TRY_COMPILE.build/Debug/cmTC_70695.build/Objects-normal/x86_64/cmTC_70695.LinkFileList

CompileC CMAKE_TRY_COMPILE.build/Debug/cmTC_70695.build/Objects-normal/x86_64/feature_tests.o /Users/Leon/OneDrive\ -\ UniversityofExeter/Ship\ Motion\ Simulator/Projects/OpenGLScene/glfw/build/CMakeFiles/feature_tests.c normal x86_64 c com.apple.compilers.llvm.clang.1_0.compiler
    cd "/Users/Leon/OneDrive - UniversityofExeter/Ship Motion Simulator/Projects/OpenGLScene/glfw/build/CMakeFiles/CMakeTmp"
    export LANG=en_US.US-ASCII
    /Applications/Xcode.app/Contents/Developer/Toolchains/XcodeDefault.xctoolchain/usr/bin/clang -x c -arch x86_64 -fmessage-length=0 -fdiagnostics-show-note-include-stack -fmacro-backtrace-limit=0 -Wno-trigraphs -fpascal-strings -O0 -Wno-missing-field-initializers -Wno-missing-prototypes -Wno-return-type -Wno-missing-braces -Wparentheses -Wswitch -Wno-unused-function -Wno-unused-label -Wno-unused-parameter -Wno-unused-variable -Wunused-value -Wno-empty-body -Wno-uninitialized -Wno-unknown-pragmas -Wno-shadow -Wno-four-char-constants -Wno-conversion -Wno-constant-conversion -Wno-int-conversion -Wno-bool-conversion -Wno-enum-conversion -Wno-shorten-64-to-32 -Wpointer-sign -Wno-newline-eof -DCMAKE_INTDIR=\"Debug\" -isysroot /Applications/Xcode.app/Contents/Developer/Platforms/MacOSX.platform/Developer/SDKs/MacOSX10.12.sdk -fasm-blocks -fstrict-aliasing -Wdeprecated-declarations -mmacosx-version-min=10.12 -g -Wno-sign-conversion -Wno-infinite-recursion -I/Users/Leon/OneDrive\ -\ UniversityofExeter/Ship\ Motion\ Simulator/Projects/OpenGLScene/glfw/build/CMakeFiles/CMakeTmp/Debug/include -I/Users/Leon/OneDrive\ -\ UniversityofExeter/Ship\ Motion\ Simulator/Projects/OpenGLScene/glfw/build/CMakeFiles/CMakeTmp/CMAKE_TRY_COMPILE.build/Debug/cmTC_70695.build/DerivedSources/x86_64 -I/Users/Leon/OneDrive\ -\ UniversityofExeter/Ship\ Motion\ Simulator/Projects/OpenGLScene/glfw/build/CMakeFiles/CMakeTmp/CMAKE_TRY_COMPILE.build/Debug/cmTC_70695.build/DerivedSources -Wmost -Wno-four-char-constants -Wno-unknown-pragmas -F/Users/Leon/OneDrive\ -\ UniversityofExeter/Ship\ Motion\ Simulator/Projects/OpenGLScene/glfw/build/CMakeFiles/CMakeTmp/Debug -std=c90 -MMD -MT dependencies -MF /Users/Leon/OneDrive\ -\ UniversityofExeter/Ship\ Motion\ Simulator/Projects/OpenGLScene/glfw/build/CMakeFiles/CMakeTmp/CMAKE_TRY_COMPILE.build/Debug/cmTC_70695.build/Objects-normal/x86_64/feature_tests.d --serialize-diagnostics /Users/Leon/OneDrive\ -\ UniversityofExeter/Ship\ Motion\ Simulator/Projects/OpenGLScene/glfw/build/CMakeFiles/CMakeTmp/CMAKE_TRY_COMPILE.build/Debug/cmTC_70695.build/Objects-normal/x86_64/feature_tests.dia -c /Users/Leon/OneDrive\ -\ UniversityofExeter/Ship\ Motion\ Simulator/Projects/OpenGLScene/glfw/build/CMakeFiles/feature_tests.c -o /Users/Leon/OneDrive\ -\ UniversityofExeter/Ship\ Motion\ Simulator/Projects/OpenGLScene/glfw/build/CMakeFiles/CMakeTmp/CMAKE_TRY_COMPILE.build/Debug/cmTC_70695.build/Objects-normal/x86_64/feature_tests.o

Ld Debug/cmTC_70695 normal x86_64
    cd "/Users/Leon/OneDrive - UniversityofExeter/Ship Motion Simulator/Projects/OpenGLScene/glfw/build/CMakeFiles/CMakeTmp"
    export MACOSX_DEPLOYMENT_TARGET=10.12
    /Applications/Xcode.app/Contents/Developer/Toolchains/XcodeDefault.xctoolchain/usr/bin/clang -arch x86_64 -isysroot /Applications/Xcode.app/Contents/Developer/Platforms/MacOSX.platform/Developer/SDKs/MacOSX10.12.sdk -L/Users/Leon/OneDrive\ -\ UniversityofExeter/Ship\ Motion\ Simulator/Projects/OpenGLScene/glfw/build/CMakeFiles/CMakeTmp/Debug -F/Users/Leon/OneDrive\ -\ UniversityofExeter/Ship\ Motion\ Simulator/Projects/OpenGLScene/glfw/build/CMakeFiles/CMakeTmp/Debug -filelist /Users/Leon/OneDrive\ -\ UniversityofExeter/Ship\ Motion\ Simulator/Projects/OpenGLScene/glfw/build/CMakeFiles/CMakeTmp/CMAKE_TRY_COMPILE.build/Debug/cmTC_70695.build/Objects-normal/x86_64/cmTC_70695.LinkFileList -mmacosx-version-min=10.12 -Xlinker -object_path_lto -Xlinker /Users/Leon/OneDrive\ -\ UniversityofExeter/Ship\ Motion\ Simulator/Projects/OpenGLScene/glfw/build/CMakeFiles/CMakeTmp/CMAKE_TRY_COMPILE.build/Debug/cmTC_70695.build/Objects-normal/x86_64/cmTC_70695_lto.o -Xlinker -no_deduplicate -Wl,-search_paths_first -Wl,-headerpad_max_install_names -Xlinker -dependency_info -Xlinker /Users/Leon/OneDrive\ -\ UniversityofExeter/Ship\ Motion\ Simulator/Projects/OpenGLScene/glfw/build/CMakeFiles/CMakeTmp/CMAKE_TRY_COMPILE.build/Debug/cmTC_70695.build/Objects-normal/x86_64/cmTC_70695_dependency_info.dat -o /Users/Leon/OneDrive\ -\ UniversityofExeter/Ship\ Motion\ Simulator/Projects/OpenGLScene/glfw/build/CMakeFiles/CMakeTmp/Debug/cmTC_70695

** BUILD SUCCEEDED **



    Feature record: C_FEATURE:1c_function_prototypes
    Feature record: C_FEATURE:0c_restrict
    Feature record: C_FEATURE:0c_static_assert
    Feature record: C_FEATURE:0c_variadic_macros
Determining if the include file pthread.h exists passed with the following output:
Change Dir: /Users/Leon/OneDrive - UniversityofExeter/Ship Motion Simulator/Projects/OpenGLScene/glfw/build/CMakeFiles/CMakeTmp

Run Build Command:"/usr/bin/xcodebuild" "-project" "CMAKE_TRY_COMPILE.xcodeproj" "build" "-target" "cmTC_a9689" "-configuration" "Debug"
=== BUILD TARGET cmTC_a9689 OF PROJECT CMAKE_TRY_COMPILE WITH CONFIGURATION Debug ===

Check dependencies

Write auxiliary files
/bin/mkdir -p /Users/Leon/OneDrive\ -\ UniversityofExeter/Ship\ Motion\ Simulator/Projects/OpenGLScene/glfw/build/CMakeFiles/CMakeTmp/CMAKE_TRY_COMPILE.build/Debug/cmTC_a9689.build/Objects-normal/x86_64
write-file /Users/Leon/OneDrive\ -\ UniversityofExeter/Ship\ Motion\ Simulator/Projects/OpenGLScene/glfw/build/CMakeFiles/CMakeTmp/CMAKE_TRY_COMPILE.build/Debug/cmTC_a9689.build/Objects-normal/x86_64/cmTC_a9689.LinkFileList

CompileC CMAKE_TRY_COMPILE.build/Debug/cmTC_a9689.build/Objects-normal/x86_64/CheckIncludeFile.o CheckIncludeFile.c normal x86_64 c com.apple.compilers.llvm.clang.1_0.compiler
    cd "/Users/Leon/OneDrive - UniversityofExeter/Ship Motion Simulator/Projects/OpenGLScene/glfw/build/CMakeFiles/CMakeTmp"
    export LANG=en_US.US-ASCII
    /Applications/Xcode.app/Contents/Developer/Toolchains/XcodeDefault.xctoolchain/usr/bin/clang -x c -arch x86_64 -fmessage-length=0 -fdiagnostics-show-note-include-stack -fmacro-backtrace-limit=0 -Wno-trigraphs -fpascal-strings -O0 -Wno-missing-field-initializers -Wno-missing-prototypes -Wno-return-type -Wno-missing-braces -Wparentheses -Wswitch -Wno-unused-function -Wno-unused-label -Wno-unused-parameter -Wno-unused-variable -Wunused-value -Wno-empty-body -Wno-uninitialized -Wno-unknown-pragmas -Wno-shadow -Wno-four-char-constants -Wno-conversion -Wno-constant-conversion -Wno-int-conversion -Wno-bool-conversion -Wno-enum-conversion -Wno-shorten-64-to-32 -Wpointer-sign -Wno-newline-eof -DCMAKE_INTDIR=\"Debug\" -isysroot /Applications/Xcode.app/Contents/Developer/Platforms/MacOSX.platform/Developer/SDKs/MacOSX10.12.sdk -fasm-blocks -fstrict-aliasing -Wdeprecated-declarations -mmacosx-version-min=10.12 -g -Wno-sign-conversion -Wno-infinite-recursion -I/Users/Leon/OneDrive\ -\ UniversityofExeter/Ship\ Motion\ Simulator/Projects/OpenGLScene/glfw/build/CMakeFiles/CMakeTmp/Debug/include -I/Users/Leon/OneDrive\ -\ UniversityofExeter/Ship\ Motion\ Simulator/Projects/OpenGLScene/glfw/build/CMakeFiles/CMakeTmp/CMAKE_TRY_COMPILE.build/Debug/cmTC_a9689.build/DerivedSources/x86_64 -I/Users/Leon/OneDrive\ -\ UniversityofExeter/Ship\ Motion\ Simulator/Projects/OpenGLScene/glfw/build/CMakeFiles/CMakeTmp/CMAKE_TRY_COMPILE.build/Debug/cmTC_a9689.build/DerivedSources -Wmost -Wno-four-char-constants -Wno-unknown-pragmas -F/Users/Leon/OneDrive\ -\ UniversityofExeter/Ship\ Motion\ Simulator/Projects/OpenGLScene/glfw/build/CMakeFiles/CMakeTmp/Debug -MMD -MT dependencies -MF /Users/Leon/OneDrive\ -\ UniversityofExeter/Ship\ Motion\ Simulator/Projects/OpenGLScene/glfw/build/CMakeFiles/CMakeTmp/CMAKE_TRY_COMPILE.build/Debug/cmTC_a9689.build/Objects-normal/x86_64/CheckIncludeFile.d --serialize-diagnostics /Users/Leon/OneDrive\ -\ UniversityofExeter/Ship\ Motion\ Simulator/Projects/OpenGLScene/glfw/build/CMakeFiles/CMakeTmp/CMAKE_TRY_COMPILE.build/Debug/cmTC_a9689.build/Objects-normal/x86_64/CheckIncludeFile.dia -c /Users/Leon/OneDrive\ -\ UniversityofExeter/Ship\ Motion\ Simulator/Projects/OpenGLScene/glfw/build/CMakeFiles/CMakeTmp/CheckIncludeFile.c -o /Users/Leon/OneDrive\ -\ UniversityofExeter/Ship\ Motion\ Simulator/Projects/OpenGLScene/glfw/build/CMakeFiles/CMakeTmp/CMAKE_TRY_COMPILE.build/Debug/cmTC_a9689.build/Objects-normal/x86_64/CheckIncludeFile.o

Ld Debug/cmTC_a9689 normal x86_64
    cd "/Users/Leon/OneDrive - UniversityofExeter/Ship Motion Simulator/Projects/OpenGLScene/glfw/build/CMakeFiles/CMakeTmp"
    export MACOSX_DEPLOYMENT_TARGET=10.12
    /Applications/Xcode.app/Contents/Developer/Toolchains/XcodeDefault.xctoolchain/usr/bin/clang -arch x86_64 -isysroot /Applications/Xcode.app/Contents/Developer/Platforms/MacOSX.platform/Developer/SDKs/MacOSX10.12.sdk -L/Users/Leon/OneDrive\ -\ UniversityofExeter/Ship\ Motion\ Simulator/Projects/OpenGLScene/glfw/build/CMakeFiles/CMakeTmp/Debug -F/Users/Leon/OneDrive\ -\ UniversityofExeter/Ship\ Motion\ Simulator/Projects/OpenGLScene/glfw/build/CMakeFiles/CMakeTmp/Debug -filelist /Users/Leon/OneDrive\ -\ UniversityofExeter/Ship\ Motion\ Simulator/Projects/OpenGLScene/glfw/build/CMakeFiles/CMakeTmp/CMAKE_TRY_COMPILE.build/Debug/cmTC_a9689.build/Objects-normal/x86_64/cmTC_a9689.LinkFileList -mmacosx-version-min=10.12 -Xlinker -object_path_lto -Xlinker /Users/Leon/OneDrive\ -\ UniversityofExeter/Ship\ Motion\ Simulator/Projects/OpenGLScene/glfw/build/CMakeFiles/CMakeTmp/CMAKE_TRY_COMPILE.build/Debug/cmTC_a9689.build/Objects-normal/x86_64/cmTC_a9689_lto.o -Xlinker -no_deduplicate -Wl,-search_paths_first -Wl,-headerpad_max_install_names -Xlinker -dependency_info -Xlinker /Users/Leon/OneDrive\ -\ UniversityofExeter/Ship\ Motion\ Simulator/Projects/OpenGLScene/glfw/build/CMakeFiles/CMakeTmp/CMAKE_TRY_COMPILE.build/Debug/cmTC_a9689.build/Objects-normal/x86_64/cmTC_a9689_dependency_info.dat -o /Users/Leon/OneDrive\ -\ UniversityofExeter/Ship\ Motion\ Simulator/Projects/OpenGLScene/glfw/build/CMakeFiles/CMakeTmp/Debug/cmTC_a9689

** BUILD SUCCEEDED **



Determining if the pthread_create exist passed with the following output:
Change Dir: /Users/Leon/OneDrive - UniversityofExeter/Ship Motion Simulator/Projects/OpenGLScene/glfw/build/CMakeFiles/CMakeTmp

Run Build Command:"/usr/bin/xcodebuild" "-project" "CMAKE_TRY_COMPILE.xcodeproj" "build" "-target" "cmTC_2f684" "-configuration" "Debug"
=== BUILD TARGET cmTC_2f684 OF PROJECT CMAKE_TRY_COMPILE WITH CONFIGURATION Debug ===

Check dependencies

Write auxiliary files
/bin/mkdir -p /Users/Leon/OneDrive\ -\ UniversityofExeter/Ship\ Motion\ Simulator/Projects/OpenGLScene/glfw/build/CMakeFiles/CMakeTmp/CMAKE_TRY_COMPILE.build/Debug/cmTC_2f684.build/Objects-normal/x86_64
write-file /Users/Leon/OneDrive\ -\ UniversityofExeter/Ship\ Motion\ Simulator/Projects/OpenGLScene/glfw/build/CMakeFiles/CMakeTmp/CMAKE_TRY_COMPILE.build/Debug/cmTC_2f684.build/Objects-normal/x86_64/cmTC_2f684.LinkFileList

CompileC CMAKE_TRY_COMPILE.build/Debug/cmTC_2f684.build/Objects-normal/x86_64/CheckSymbolExists.o CheckSymbolExists.c normal x86_64 c com.apple.compilers.llvm.clang.1_0.compiler
    cd "/Users/Leon/OneDrive - UniversityofExeter/Ship Motion Simulator/Projects/OpenGLScene/glfw/build/CMakeFiles/CMakeTmp"
    export LANG=en_US.US-ASCII
    /Applications/Xcode.app/Contents/Developer/Toolchains/XcodeDefault.xctoolchain/usr/bin/clang -x c -arch x86_64 -fmessage-length=0 -fdiagnostics-show-note-include-stack -fmacro-backtrace-limit=0 -Wno-trigraphs -fpascal-strings -O0 -Wno-missing-field-initializers -Wno-missing-prototypes -Wno-return-type -Wno-missing-braces -Wparentheses -Wswitch -Wno-unused-function -Wno-unused-label -Wno-unused-parameter -Wno-unused-variable -Wunused-value -Wno-empty-body -Wno-uninitialized -Wno-unknown-pragmas -Wno-shadow -Wno-four-char-constants -Wno-conversion -Wno-constant-conversion -Wno-int-conversion -Wno-bool-conversion -Wno-enum-conversion -Wno-shorten-64-to-32 -Wpointer-sign -Wno-newline-eof -DCMAKE_INTDIR=\"Debug\" -isysroot /Applications/Xcode.app/Contents/Developer/Platforms/MacOSX.platform/Developer/SDKs/MacOSX10.12.sdk -fasm-blocks -fstrict-aliasing -Wdeprecated-declarations -mmacosx-version-min=10.12 -g -Wno-sign-conversion -Wno-infinite-recursion -I/Users/Leon/OneDrive\ -\ UniversityofExeter/Ship\ Motion\ Simulator/Projects/OpenGLScene/glfw/build/CMakeFiles/CMakeTmp/Debug/include -I/Users/Leon/OneDrive\ -\ UniversityofExeter/Ship\ Motion\ Simulator/Projects/OpenGLScene/glfw/build/CMakeFiles/CMakeTmp/CMAKE_TRY_COMPILE.build/Debug/cmTC_2f684.build/DerivedSources/x86_64 -I/Users/Leon/OneDrive\ -\ UniversityofExeter/Ship\ Motion\ Simulator/Projects/OpenGLScene/glfw/build/CMakeFiles/CMakeTmp/CMAKE_TRY_COMPILE.build/Debug/cmTC_2f684.build/DerivedSources -Wmost -Wno-four-char-constants -Wno-unknown-pragmas -F/Users/Leon/OneDrive\ -\ UniversityofExeter/Ship\ Motion\ Simulator/Projects/OpenGLScene/glfw/build/CMakeFiles/CMakeTmp/Debug -MMD -MT dependencies -MF /Users/Leon/OneDrive\ -\ UniversityofExeter/Ship\ Motion\ Simulator/Projects/OpenGLScene/glfw/build/CMakeFiles/CMakeTmp/CMAKE_TRY_COMPILE.build/Debug/cmTC_2f684.build/Objects-normal/x86_64/CheckSymbolExists.d --serialize-diagnostics /Users/Leon/OneDrive\ -\ UniversityofExeter/Ship\ Motion\ Simulator/Projects/OpenGLScene/glfw/build/CMakeFiles/CMakeTmp/CMAKE_TRY_COMPILE.build/Debug/cmTC_2f684.build/Objects-normal/x86_64/CheckSymbolExists.dia -c /Users/Leon/OneDrive\ -\ UniversityofExeter/Ship\ Motion\ Simulator/Projects/OpenGLScene/glfw/build/CMakeFiles/CMakeTmp/CheckSymbolExists.c -o /Users/Leon/OneDrive\ -\ UniversityofExeter/Ship\ Motion\ Simulator/Projects/OpenGLScene/glfw/build/CMakeFiles/CMakeTmp/CMAKE_TRY_COMPILE.build/Debug/cmTC_2f684.build/Objects-normal/x86_64/CheckSymbolExists.o

Ld Debug/cmTC_2f684 normal x86_64
    cd "/Users/Leon/OneDrive - UniversityofExeter/Ship Motion Simulator/Projects/OpenGLScene/glfw/build/CMakeFiles/CMakeTmp"
    export MACOSX_DEPLOYMENT_TARGET=10.12
    /Applications/Xcode.app/Contents/Developer/Toolchains/XcodeDefault.xctoolchain/usr/bin/clang -arch x86_64 -isysroot /Applications/Xcode.app/Contents/Developer/Platforms/MacOSX.platform/Developer/SDKs/MacOSX10.12.sdk -L/Users/Leon/OneDrive\ -\ UniversityofExeter/Ship\ Motion\ Simulator/Projects/OpenGLScene/glfw/build/CMakeFiles/CMakeTmp/Debug -F/Users/Leon/OneDrive\ -\ UniversityofExeter/Ship\ Motion\ Simulator/Projects/OpenGLScene/glfw/build/CMakeFiles/CMakeTmp/Debug -filelist /Users/Leon/OneDrive\ -\ UniversityofExeter/Ship\ Motion\ Simulator/Projects/OpenGLScene/glfw/build/CMakeFiles/CMakeTmp/CMAKE_TRY_COMPILE.build/Debug/cmTC_2f684.build/Objects-normal/x86_64/cmTC_2f684.LinkFileList -mmacosx-version-min=10.12 -Xlinker -object_path_lto -Xlinker /Users/Leon/OneDrive\ -\ UniversityofExeter/Ship\ Motion\ Simulator/Projects/OpenGLScene/glfw/build/CMakeFiles/CMakeTmp/CMAKE_TRY_COMPILE.build/Debug/cmTC_2f684.build/Objects-normal/x86_64/cmTC_2f684_lto.o -Xlinker -no_deduplicate -Wl,-search_paths_first -Wl,-headerpad_max_install_names -Xlinker -dependency_info -Xlinker /Users/Leon/OneDrive\ -\ UniversityofExeter/Ship\ Motion\ Simulator/Projects/OpenGLScene/glfw/build/CMakeFiles/CMakeTmp/CMAKE_TRY_COMPILE.build/Debug/cmTC_2f684.build/Objects-normal/x86_64/cmTC_2f684_dependency_info.dat -o /Users/Leon/OneDrive\ -\ UniversityofExeter/Ship\ Motion\ Simulator/Projects/OpenGLScene/glfw/build/CMakeFiles/CMakeTmp/Debug/cmTC_2f684

** BUILD SUCCEEDED **


File /Users/Leon/OneDrive - UniversityofExeter/Ship Motion Simulator/Projects/OpenGLScene/glfw/build/CMakeFiles/CMakeTmp/CheckSymbolExists.c:
/* */
#include <pthread.h>

int main(int argc, char** argv)
{
  (void)argv;
#ifndef pthread_create
  return ((int*)(&pthread_create))[argc];
#else
  (void)argc;
  return 0;
#endif
}

